<?xml version="1.0" encoding="UTF-8"?>
<!-- Generated by org.testng.reporters.JUnitReportReporter -->
<testsuite hostname="INBook_X1" failures="0" tests="5" name="tesstCases.Tc001_CivilWorkCreation2" time="80.919" errors="0" timestamp="2025-02-07T11:12:50 IST" skipped="0">
  <testcase classname="tesstCases.Tc001_CivilWorkCreation2" name="testlogin" time="19.414"/>
  <testcase classname="tesstCases.Tc001_CivilWorkCreation2" name="navegatehomepage" time="2.283"/>
  <testcase classname="tesstCases.Tc001_CivilWorkCreation2" name="workcreation" time="28.796"/>
  <testcase classname="tesstCases.Tc001_CivilWorkCreation2" name="workcreation" time="30.321"/>
  <testcase classname="tesstCases.Tc001_CivilWorkCreation2" name="testlogout" time="0.105"/>
</testsuite> <!-- tesstCases.Tc001_CivilWorkCreation2 -->
